<?xml version="1.0" encoding="UTF-8"?>
<!-- Generated by org.testng.reporters.JUnitReportReporter -->
<testsuite hostname="admin1-LIVA-Z2V" failures="0" tests="1" name="com.amazon.base.Base" time="8.353" errors="0" timestamp="2020-03-13T11:11:15 IST" skipped="0">
  <testcase classname="com.amazon.base.Base" name="startBrowser" time="8.353"/>
</testsuite> <!-- com.amazon.base.Base -->
