<?xml version="1.0" encoding="UTF-8"?>
<!-- Generated by org.testng.reporters.JUnitReportReporter -->
<testsuite hostname="admin1-LIVA-Z2V" failures="0" tests="1" name="com.amazon.testcases.TC_HomePage" time="10.605" errors="0" timestamp="2020-03-15T16:32:17 IST" skipped="0">
  <testcase classname="com.amazon.testcases.TC_HomePage" name="tc_006_addMultipleItemToCart" time="10.605"/>
</testsuite> <!-- com.amazon.testcases.TC_HomePage -->
