<?xml version="1.0" encoding="UTF-8"?>
<!-- Generated by org.testng.reporters.JUnitReportReporter -->
<testsuite hostname="admin1-LIVA-Z2V" failures="0" tests="5" name="com.amazon.testcases.TC_HomePage" time="159.032" errors="0" timestamp="2020-03-15T14:00:27 IST" skipped="0">
  <testcase classname="com.amazon.testcases.TC_HomePage" name="tc_001_SearchProduct" time="16.386"/>
  <testcase classname="com.amazon.testcases.TC_HomePage" name="tc_002_dropdown" time="16.155"/>
  <testcase classname="com.amazon.testcases.TC_HomePage" name="tc_003_addOnetoCart" time="26.899"/>
  <testcase classname="com.amazon.testcases.TC_HomePage" name="tc_004_increaseQuantityOfItem" time="46.534"/>
  <testcase classname="com.amazon.testcases.TC_HomePage" name="tc_005_addSameItemMultipleTime" time="53.058"/>
</testsuite> <!-- com.amazon.testcases.TC_HomePage -->
